<?xml version="1.0" encoding="UTF-8"?>
<!-- Generated by org.testng.reporters.JUnitXMLReporter -->
<testsuite hostname="DESKTOP-87H0121" ignored="2" name="Default test(failed)" tests="1" failures="1" timestamp="30 Apr 2022 07:43:22 GMT" time="0.086" errors="0">
  <testcase name="tc02" time="0.018" classname="org.workout3.TestNGRerun">
    <failure type="java.lang.AssertionError" message="expected [true] but found [false]">
      <![CDATA[java.lang.AssertionError: expected [true] but found [false]
at org.workout3.TestNGRerun.tc02(TestNGRerun.java:13)
... Removed 29 stack frames]]>
    </failure>
  </testcase> <!-- tc02 -->
  <testcase name="tc01" time="0.0" classname="org.workout3.TestNGRerun">
    <ignored/>
  </testcase> <!-- tc01 -->
  <testcase name="tc03" time="0.0" classname="org.workout3.TestNGRerun">
    <ignored/>
  </testcase> <!-- tc03 -->
</testsuite> <!-- Default test(failed) -->
