<?xml version="1.0" encoding="UTF-8"?>
<!-- Generated by org.testng.reporters.JUnitXMLReporter -->
<testsuite hostname="DESKTOP-87H0121" ignored="0" name="Test5" tests="3" failures="0" timestamp="25 Apr 2022 12:53:48 GMT" time="0.2" errors="0">
  <testcase name="test01" time="0.029" classname="org.workout3.TestNGparallelClassA"/>
  <testcase name="test02" time="0.002" classname="org.workout3.TestNGparallelClassA"/>
  <testcase name="test03" time="0.052" classname="org.workout3.TestNGparallelClassA"/>
</testsuite> <!-- Test5 -->
