<?xml version="1.0" encoding="UTF-8"?>
<!-- Generated by org.testng.reporters.JUnitXMLReporter -->
<testsuite hostname="DESKTOP-87H0121" ignored="0" name="Test4" tests="3" failures="0" timestamp="25 Apr 2022 12:53:48 GMT" time="0.117" errors="0">
  <testcase name="test01" time="0.03" classname="org.workout3.TestNGparallelClassA"/>
  <testcase name="test02" time="0.003" classname="org.workout3.TestNGparallelClassA"/>
  <testcase name="test03" time="0.001" classname="org.workout3.TestNGparallelClassA"/>
</testsuite> <!-- Test4 -->
