<?xml version="1.0" encoding="UTF-8"?>
<!-- Generated by org.testng.reporters.JUnitXMLReporter -->
<testsuite hostname="DESKTOP-87H0121" ignored="0" name="Test" tests="8" failures="2" timestamp="02 May 2022 05:51:02 GMT" time="0.114" errors="0">
  <testcase name="tc01" time="0.016" classname="org.workout3.TestNGRerun"/>
  <testcase name="tc02" time="0.008" classname="org.workout3.TestNGRerun">
    <skipped/>
  </testcase> <!-- tc02 -->
  <testcase name="tc02" time="0.008" classname="org.workout3.TestNGRerun">
    <skipped/>
  </testcase> <!-- tc02 -->
  <testcase name="tc02" time="0.008" classname="org.workout3.TestNGRerun">
    <failure type="java.lang.AssertionError" message="expected [true] but found [false]">
      <![CDATA[java.lang.AssertionError: expected [true] but found [false]
at org.workout3.TestNGRerun.tc02(TestNGRerun.java:13)
... Removed 29 stack frames]]>
    </failure>
  </testcase> <!-- tc02 -->
  <testcase name="tc03" time="0.0" classname="org.workout3.TestNGRerun">
    <skipped/>
  </testcase> <!-- tc03 -->
  <testcase name="tc03" time="0.0" classname="org.workout3.TestNGRerun">
    <skipped/>
  </testcase> <!-- tc03 -->
  <testcase name="tc03" time="0.008" classname="org.workout3.TestNGRerun">
    <failure type="java.lang.AssertionError" message="expected [true] but found [false]">
      <![CDATA[java.lang.AssertionError: expected [true] but found [false]
at org.workout3.TestNGRerun.tc03(TestNGRerun.java:17)
... Removed 29 stack frames]]>
    </failure>
  </testcase> <!-- tc03 -->
  <testcase name="tc04" time="0.0" classname="org.workout3.TestNGRerun"/>
</testsuite> <!-- Test -->
