<?xml version="1.0" encoding="UTF-8"?>
<!-- Generated by org.testng.reporters.JUnitXMLReporter -->
<testsuite hostname="DESKTOP-87H0121" ignored="0" name="FirefoxTest(failed)" tests="1" failures="1" timestamp="02 May 2022 09:08:36 GMT" time="3.014" errors="0">
  <testcase name="test01" time="2.948" classname="org.workout3.TestNGCrossBrowserTesting2">
    <failure type="java.lang.NoClassDefFoundError" message="com/google/gson/GsonBuilder">
      <![CDATA[java.lang.NoClassDefFoundError: com/google/gson/GsonBuilder
at io.github.bonigarcia.wdm.WebDriverManager.getDriversFromGitHub(WebDriverManager.java:1499)
at io.github.bonigarcia.wdm.managers.FirefoxDriverManager.getDriverUrls(FirefoxDriverManager.java:102)
at io.github.bonigarcia.wdm.WebDriverManager.createUrlHandler(WebDriverManager.java:1327)
at io.github.bonigarcia.wdm.WebDriverManager.download(WebDriverManager.java:1165)
at io.github.bonigarcia.wdm.WebDriverManager.manage(WebDriverManager.java:1083)
at io.github.bonigarcia.wdm.WebDriverManager.setup(WebDriverManager.java:396)
at org.workout3.TestNGCrossBrowserTesting2.test01(TestNGCrossBrowserTesting2.java:26)
Caused by: java.lang.ClassNotFoundException: com.google.gson.GsonBuilder
at java.net.URLClassLoader.findClass(Unknown Source)
at java.lang.ClassLoader.loadClass(Unknown Source)
at sun.misc.Launcher$AppClassLoader.loadClass(Unknown Source)
at java.lang.ClassLoader.loadClass(Unknown Source)
... 32 more
... Removed 25 stack frames]]>
    </failure>
  </testcase> <!-- test01 -->
</testsuite> <!-- FirefoxTest(failed) -->
