<?xml version="1.0" encoding="UTF-8"?>
<testng-results skipped="0" failed="1" ignored="0" total="3" passed="2">
  <reporter-output>
  </reporter-output>
  <suite name="Suite" duration-ms="19387" started-at="2022-05-08T07:36:05Z" finished-at="2022-05-08T07:36:24Z">
    <groups>
    </groups>
    <test name="EdgeTest" duration-ms="11485" started-at="2022-05-08T07:36:05Z" finished-at="2022-05-08T07:36:16Z">
      <class name="org.frameworkwebsitetasks.TestNGQue7">
        <test-method status="PASS" signature="Beforeclass()[pri:0, instance:org.frameworkwebsitetasks.TestNGQue7@1f36e637]" name="Beforeclass" is-config="true" duration-ms="23" started-at="2022-05-08T07:36:05Z" finished-at="2022-05-08T07:36:05Z">
          <reporter-output>
          </reporter-output>
        </test-method> <!-- Beforeclass -->
        <test-method status="PASS" signature="Beforemethod()[pri:0, instance:org.frameworkwebsitetasks.TestNGQue7@1f36e637]" name="Beforemethod" is-config="true" duration-ms="19" started-at="2022-05-08T07:36:05Z" finished-at="2022-05-08T07:36:05Z">
          <reporter-output>
          </reporter-output>
        </test-method> <!-- Beforemethod -->
        <test-method status="PASS" signature="test01(java.lang.String, java.lang.String, java.lang.String)[pri:0, instance:org.frameworkwebsitetasks.TestNGQue7@1f36e637]" name="test01" duration-ms="11352" started-at="2022-05-08T07:36:05Z" finished-at="2022-05-08T07:36:16Z">
          <params>
            <param index="0">
              <value>
                <![CDATA[edge]]>
              </value>
            </param>
            <param index="1">
              <value>
                <![CDATA[bala]]>
              </value>
            </param>
            <param index="2">
              <value>
                <![CDATA[bala123]]>
              </value>
            </param>
          </params>
          <reporter-output>
          </reporter-output>
        </test-method> <!-- test01 -->
        <test-method status="PASS" signature="Aftermethod()[pri:0, instance:org.frameworkwebsitetasks.TestNGQue7@1f36e637]" name="Aftermethod" is-config="true" duration-ms="1" started-at="2022-05-08T07:36:16Z" finished-at="2022-05-08T07:36:16Z">
          <reporter-output>
          </reporter-output>
        </test-method> <!-- Aftermethod -->
        <test-method status="PASS" signature="Afterclass()[pri:0, instance:org.frameworkwebsitetasks.TestNGQue7@1f36e637]" name="Afterclass" is-config="true" duration-ms="0" started-at="2022-05-08T07:36:16Z" finished-at="2022-05-08T07:36:16Z">
          <reporter-output>
          </reporter-output>
        </test-method> <!-- Afterclass -->
      </class> <!-- org.frameworkwebsitetasks.TestNGQue7 -->
    </test> <!-- EdgeTest -->
    <test name="geckoTest" duration-ms="15570" started-at="2022-05-08T07:36:05Z" finished-at="2022-05-08T07:36:20Z">
      <class name="org.frameworkwebsitetasks.TestNGQue7">
        <test-method status="PASS" signature="Beforeclass()[pri:0, instance:org.frameworkwebsitetasks.TestNGQue7@610694f1]" name="Beforeclass" is-config="true" duration-ms="23" started-at="2022-05-08T07:36:05Z" finished-at="2022-05-08T07:36:05Z">
          <reporter-output>
          </reporter-output>
        </test-method> <!-- Beforeclass -->
        <test-method status="PASS" signature="Beforemethod()[pri:0, instance:org.frameworkwebsitetasks.TestNGQue7@610694f1]" name="Beforemethod" is-config="true" duration-ms="41" started-at="2022-05-08T07:36:05Z" finished-at="2022-05-08T07:36:05Z">
          <reporter-output>
          </reporter-output>
        </test-method> <!-- Beforemethod -->
        <test-method status="PASS" signature="test01(java.lang.String, java.lang.String, java.lang.String)[pri:0, instance:org.frameworkwebsitetasks.TestNGQue7@610694f1]" name="test01" duration-ms="15442" started-at="2022-05-08T07:36:05Z" finished-at="2022-05-08T07:36:20Z">
          <params>
            <param index="0">
              <value>
                <![CDATA[gecko]]>
              </value>
            </param>
            <param index="1">
              <value>
                <![CDATA[bala]]>
              </value>
            </param>
            <param index="2">
              <value>
                <![CDATA[bala123]]>
              </value>
            </param>
          </params>
          <reporter-output>
          </reporter-output>
        </test-method> <!-- test01 -->
        <test-method status="PASS" signature="Aftermethod()[pri:0, instance:org.frameworkwebsitetasks.TestNGQue7@610694f1]" name="Aftermethod" is-config="true" duration-ms="1" started-at="2022-05-08T07:36:20Z" finished-at="2022-05-08T07:36:20Z">
          <reporter-output>
          </reporter-output>
        </test-method> <!-- Aftermethod -->
        <test-method status="PASS" signature="Afterclass()[pri:0, instance:org.frameworkwebsitetasks.TestNGQue7@610694f1]" name="Afterclass" is-config="true" duration-ms="0" started-at="2022-05-08T07:36:20Z" finished-at="2022-05-08T07:36:20Z">
          <reporter-output>
          </reporter-output>
        </test-method> <!-- Afterclass -->
      </class> <!-- org.frameworkwebsitetasks.TestNGQue7 -->
    </test> <!-- geckoTest -->
    <test name="ChromeTest" duration-ms="19386" started-at="2022-05-08T07:36:05Z" finished-at="2022-05-08T07:36:24Z">
      <class name="org.frameworkwebsitetasks.TestNGQue7">
        <test-method status="PASS" signature="Beforeclass()[pri:0, instance:org.frameworkwebsitetasks.TestNGQue7@63753b6d]" name="Beforeclass" is-config="true" duration-ms="23" started-at="2022-05-08T07:36:05Z" finished-at="2022-05-08T07:36:05Z">
          <reporter-output>
          </reporter-output>
        </test-method> <!-- Beforeclass -->
        <test-method status="PASS" signature="Beforemethod()[pri:0, instance:org.frameworkwebsitetasks.TestNGQue7@63753b6d]" name="Beforemethod" is-config="true" duration-ms="10" started-at="2022-05-08T07:36:05Z" finished-at="2022-05-08T07:36:05Z">
          <reporter-output>
          </reporter-output>
        </test-method> <!-- Beforemethod -->
        <test-method status="FAIL" signature="test01(java.lang.String, java.lang.String, java.lang.String)[pri:0, instance:org.frameworkwebsitetasks.TestNGQue7@63753b6d]" name="test01" duration-ms="19248" started-at="2022-05-08T07:36:05Z" finished-at="2022-05-08T07:36:24Z">
          <params>
            <param index="0">
              <value>
                <![CDATA[chrome]]>
              </value>
            </param>
            <param index="1">
              <value>
                <![CDATA[bala]]>
              </value>
            </param>
            <param index="2">
              <value>
                <![CDATA[bala123]]>
              </value>
            </param>
          </params>
          <exception class="org.openqa.selenium.WebDriverException">
            <message>
              <![CDATA[chrome not reachable
  (Session info: chrome=101.0.4951.54)
Build info: version: '4.1.3', revision: '7b1ebf28ef'
System info: host: 'DESKTOP-87H0121', ip: '192.168.43.28', os.name: 'Windows 10', os.arch: 'amd64', os.version: '10.0', java.version: '1.8.0_202'
Driver info: org.openqa.selenium.chrome.ChromeDriver
Command: [6a9296f778a8bc7a728940a97e844a2e, maximizeCurrentWindow {}]
Capabilities {acceptInsecureCerts: false, browserName: chrome, browserVersion: 101.0.4951.54, chrome: {chromedriverVersion: 101.0.4951.41 (93c720db8323..., userDataDir: C:\Users\balua\AppData\Loca...}, goog:chromeOptions: {debuggerAddress: localhost:57699}, javascriptEnabled: true, networkConnectionEnabled: false, pageLoadStrategy: normal, platform: WINDOWS, platformName: WINDOWS, proxy: Proxy(), se:cdp: ws://localhost:57699/devtoo..., se:cdpVersion: 101.0.4951.54, setWindowRect: true, strictFileInteractability: false, timeouts: {implicit: 0, pageLoad: 300000, script: 30000}, unhandledPromptBehavior: dismiss and notify, webauthn:extension:credBlob: true, webauthn:extension:largeBlob: true, webauthn:virtualAuthenticators: true}
Session ID: 6a9296f778a8bc7a728940a97e844a2e]]>
            </message>
            <full-stacktrace>
              <![CDATA[org.openqa.selenium.WebDriverException: chrome not reachable
  (Session info: chrome=101.0.4951.54)
Build info: version: '4.1.3', revision: '7b1ebf28ef'
System info: host: 'DESKTOP-87H0121', ip: '192.168.43.28', os.name: 'Windows 10', os.arch: 'amd64', os.version: '10.0', java.version: '1.8.0_202'
Driver info: org.openqa.selenium.chrome.ChromeDriver
Command: [6a9296f778a8bc7a728940a97e844a2e, maximizeCurrentWindow {}]
Capabilities {acceptInsecureCerts: false, browserName: chrome, browserVersion: 101.0.4951.54, chrome: {chromedriverVersion: 101.0.4951.41 (93c720db8323..., userDataDir: C:\Users\balua\AppData\Loca...}, goog:chromeOptions: {debuggerAddress: localhost:57699}, javascriptEnabled: true, networkConnectionEnabled: false, pageLoadStrategy: normal, platform: WINDOWS, platformName: WINDOWS, proxy: Proxy(), se:cdp: ws://localhost:57699/devtoo..., se:cdpVersion: 101.0.4951.54, setWindowRect: true, strictFileInteractability: false, timeouts: {implicit: 0, pageLoad: 300000, script: 30000}, unhandledPromptBehavior: dismiss and notify, webauthn:extension:credBlob: true, webauthn:extension:largeBlob: true, webauthn:virtualAuthenticators: true}
Session ID: 6a9296f778a8bc7a728940a97e844a2e
at sun.reflect.NativeConstructorAccessorImpl.newInstance0(Native Method)
at sun.reflect.NativeConstructorAccessorImpl.newInstance(Unknown Source)
at sun.reflect.DelegatingConstructorAccessorImpl.newInstance(Unknown Source)
at java.lang.reflect.Constructor.newInstance(Unknown Source)
at org.openqa.selenium.remote.codec.w3c.W3CHttpResponseCodec.createException(W3CHttpResponseCodec.java:200)
at org.openqa.selenium.remote.codec.w3c.W3CHttpResponseCodec.decode(W3CHttpResponseCodec.java:133)
at org.openqa.selenium.remote.codec.w3c.W3CHttpResponseCodec.decode(W3CHttpResponseCodec.java:53)
at org.openqa.selenium.remote.HttpCommandExecutor.execute(HttpCommandExecutor.java:184)
at org.openqa.selenium.remote.service.DriverCommandExecutor.invokeExecute(DriverCommandExecutor.java:167)
at org.openqa.selenium.remote.service.DriverCommandExecutor.execute(DriverCommandExecutor.java:142)
at org.openqa.selenium.remote.RemoteWebDriver.execute(RemoteWebDriver.java:567)
at org.openqa.selenium.remote.RemoteWebDriver.execute(RemoteWebDriver.java:622)
at org.openqa.selenium.remote.RemoteWebDriver.execute(RemoteWebDriver.java:626)
at org.openqa.selenium.remote.RemoteWebDriver$RemoteWebDriverOptions$RemoteWindow.maximize(RemoteWebDriver.java:993)
at org.workout3.FrameworkBaseclass.launchBrowser(FrameworkBaseclass.java:61)
at org.frameworkwebsitetasks.TestNGQue7.test01(TestNGQue7.java:44)
at sun.reflect.NativeMethodAccessorImpl.invoke0(Native Method)
at sun.reflect.NativeMethodAccessorImpl.invoke(Unknown Source)
at sun.reflect.DelegatingMethodAccessorImpl.invoke(Unknown Source)
at java.lang.reflect.Method.invoke(Unknown Source)
at org.testng.internal.MethodInvocationHelper.invokeMethod(MethodInvocationHelper.java:124)
at org.testng.internal.Invoker.invokeMethod(Invoker.java:583)
at org.testng.internal.Invoker.invokeTestMethod(Invoker.java:719)
at org.testng.internal.Invoker.invokeTestMethods(Invoker.java:989)
at org.testng.internal.TestMethodWorker.invokeTestMethods(TestMethodWorker.java:125)
at org.testng.internal.TestMethodWorker.run(TestMethodWorker.java:109)
at org.testng.TestRunner.privateRun(TestRunner.java:648)
at org.testng.TestRunner.run(TestRunner.java:505)
at org.testng.SuiteRunner.runTest(SuiteRunner.java:455)
at org.testng.SuiteRunner.access$000(SuiteRunner.java:40)
at org.testng.SuiteRunner$SuiteWorker.run(SuiteRunner.java:489)
at org.testng.internal.thread.ThreadUtil$1.call(ThreadUtil.java:52)
at java.util.concurrent.FutureTask.run(Unknown Source)
at java.util.concurrent.ThreadPoolExecutor.runWorker(Unknown Source)
at java.util.concurrent.ThreadPoolExecutor$Worker.run(Unknown Source)
at java.lang.Thread.run(Unknown Source)
]]>
            </full-stacktrace>
          </exception> <!-- org.openqa.selenium.WebDriverException -->
          <reporter-output>
          </reporter-output>
        </test-method> <!-- test01 -->
        <test-method status="PASS" signature="Aftermethod()[pri:0, instance:org.frameworkwebsitetasks.TestNGQue7@63753b6d]" name="Aftermethod" is-config="true" duration-ms="1" started-at="2022-05-08T07:36:24Z" finished-at="2022-05-08T07:36:24Z">
          <reporter-output>
          </reporter-output>
        </test-method> <!-- Aftermethod -->
        <test-method status="PASS" signature="Afterclass()[pri:0, instance:org.frameworkwebsitetasks.TestNGQue7@63753b6d]" name="Afterclass" is-config="true" duration-ms="1" started-at="2022-05-08T07:36:24Z" finished-at="2022-05-08T07:36:24Z">
          <reporter-output>
          </reporter-output>
        </test-method> <!-- Afterclass -->
      </class> <!-- org.frameworkwebsitetasks.TestNGQue7 -->
    </test> <!-- ChromeTest -->
  </suite> <!-- Suite -->
</testng-results>
