<?xml version="1.0" encoding="UTF-8"?>
<testng-results skipped="0" failed="0" ignored="0" total="3" passed="3">
  <reporter-output>
  </reporter-output>
  <suite name="Suite" duration-ms="20208" started-at="2022-05-18T07:03:52Z" finished-at="2022-05-18T07:04:13Z">
    <groups>
    </groups>
    <test name="ChromeTest" duration-ms="15199" started-at="2022-05-18T07:03:52Z" finished-at="2022-05-18T07:04:08Z">
      <class name="org.frameworkwebsitetasks.TestNGQue7">
        <test-method status="PASS" signature="Beforeclass()[pri:0, instance:org.frameworkwebsitetasks.TestNGQue7@63753b6d]" name="Beforeclass" is-config="true" duration-ms="31" started-at="2022-05-18T07:03:52Z" finished-at="2022-05-18T07:03:52Z">
          <reporter-output>
          </reporter-output>
        </test-method> <!-- Beforeclass -->
        <test-method status="PASS" signature="Beforemethod()[pri:0, instance:org.frameworkwebsitetasks.TestNGQue7@63753b6d]" name="Beforemethod" is-config="true" duration-ms="32" started-at="2022-05-18T07:03:52Z" finished-at="2022-05-18T07:03:53Z">
          <reporter-output>
          </reporter-output>
        </test-method> <!-- Beforemethod -->
        <test-method status="PASS" signature="test01(java.lang.String, java.lang.String, java.lang.String)[pri:0, instance:org.frameworkwebsitetasks.TestNGQue7@63753b6d]" name="test01" duration-ms="15081" started-at="2022-05-18T07:03:53Z" finished-at="2022-05-18T07:04:08Z">
          <params>
            <param index="0">
              <value>
                <![CDATA[chrome]]>
              </value>
            </param>
            <param index="1">
              <value>
                <![CDATA[bala]]>
              </value>
            </param>
            <param index="2">
              <value>
                <![CDATA[bala123]]>
              </value>
            </param>
          </params>
          <reporter-output>
          </reporter-output>
        </test-method> <!-- test01 -->
        <test-method status="PASS" signature="Aftermethod()[pri:0, instance:org.frameworkwebsitetasks.TestNGQue7@63753b6d]" name="Aftermethod" is-config="true" duration-ms="8" started-at="2022-05-18T07:04:08Z" finished-at="2022-05-18T07:04:08Z">
          <reporter-output>
          </reporter-output>
        </test-method> <!-- Aftermethod -->
        <test-method status="PASS" signature="Afterclass()[pri:0, instance:org.frameworkwebsitetasks.TestNGQue7@63753b6d]" name="Afterclass" is-config="true" duration-ms="0" started-at="2022-05-18T07:04:08Z" finished-at="2022-05-18T07:04:08Z">
          <reporter-output>
          </reporter-output>
        </test-method> <!-- Afterclass -->
      </class> <!-- org.frameworkwebsitetasks.TestNGQue7 -->
    </test> <!-- ChromeTest -->
    <test name="EdgeTest" duration-ms="15404" started-at="2022-05-18T07:03:52Z" finished-at="2022-05-18T07:04:08Z">
      <class name="org.frameworkwebsitetasks.TestNGQue7">
        <test-method status="PASS" signature="Beforeclass()[pri:0, instance:org.frameworkwebsitetasks.TestNGQue7@1f36e637]" name="Beforeclass" is-config="true" duration-ms="31" started-at="2022-05-18T07:03:52Z" finished-at="2022-05-18T07:03:52Z">
          <reporter-output>
          </reporter-output>
        </test-method> <!-- Beforeclass -->
        <test-method status="PASS" signature="Beforemethod()[pri:0, instance:org.frameworkwebsitetasks.TestNGQue7@1f36e637]" name="Beforemethod" is-config="true" duration-ms="32" started-at="2022-05-18T07:03:52Z" finished-at="2022-05-18T07:03:53Z">
          <reporter-output>
          </reporter-output>
        </test-method> <!-- Beforemethod -->
        <test-method status="PASS" signature="test01(java.lang.String, java.lang.String, java.lang.String)[pri:0, instance:org.frameworkwebsitetasks.TestNGQue7@1f36e637]" name="test01" duration-ms="15286" started-at="2022-05-18T07:03:53Z" finished-at="2022-05-18T07:04:08Z">
          <params>
            <param index="0">
              <value>
                <![CDATA[edge]]>
              </value>
            </param>
            <param index="1">
              <value>
                <![CDATA[bala]]>
              </value>
            </param>
            <param index="2">
              <value>
                <![CDATA[bala123]]>
              </value>
            </param>
          </params>
          <reporter-output>
          </reporter-output>
        </test-method> <!-- test01 -->
        <test-method status="PASS" signature="Aftermethod()[pri:0, instance:org.frameworkwebsitetasks.TestNGQue7@1f36e637]" name="Aftermethod" is-config="true" duration-ms="0" started-at="2022-05-18T07:04:08Z" finished-at="2022-05-18T07:04:08Z">
          <reporter-output>
          </reporter-output>
        </test-method> <!-- Aftermethod -->
        <test-method status="PASS" signature="Afterclass()[pri:0, instance:org.frameworkwebsitetasks.TestNGQue7@1f36e637]" name="Afterclass" is-config="true" duration-ms="0" started-at="2022-05-18T07:04:08Z" finished-at="2022-05-18T07:04:08Z">
          <reporter-output>
          </reporter-output>
        </test-method> <!-- Afterclass -->
      </class> <!-- org.frameworkwebsitetasks.TestNGQue7 -->
    </test> <!-- EdgeTest -->
    <test name="geckoTest" duration-ms="20208" started-at="2022-05-18T07:03:52Z" finished-at="2022-05-18T07:04:13Z">
      <class name="org.frameworkwebsitetasks.TestNGQue7">
        <test-method status="PASS" signature="Beforeclass()[pri:0, instance:org.frameworkwebsitetasks.TestNGQue7@610694f1]" name="Beforeclass" is-config="true" duration-ms="31" started-at="2022-05-18T07:03:52Z" finished-at="2022-05-18T07:03:52Z">
          <reporter-output>
          </reporter-output>
        </test-method> <!-- Beforeclass -->
        <test-method status="PASS" signature="Beforemethod()[pri:0, instance:org.frameworkwebsitetasks.TestNGQue7@610694f1]" name="Beforemethod" is-config="true" duration-ms="32" started-at="2022-05-18T07:03:52Z" finished-at="2022-05-18T07:03:53Z">
          <reporter-output>
          </reporter-output>
        </test-method> <!-- Beforemethod -->
        <test-method status="PASS" signature="test01(java.lang.String, java.lang.String, java.lang.String)[pri:0, instance:org.frameworkwebsitetasks.TestNGQue7@610694f1]" name="test01" duration-ms="20090" started-at="2022-05-18T07:03:53Z" finished-at="2022-05-18T07:04:13Z">
          <params>
            <param index="0">
              <value>
                <![CDATA[gecko]]>
              </value>
            </param>
            <param index="1">
              <value>
                <![CDATA[bala]]>
              </value>
            </param>
            <param index="2">
              <value>
                <![CDATA[bala123]]>
              </value>
            </param>
          </params>
          <reporter-output>
          </reporter-output>
        </test-method> <!-- test01 -->
        <test-method status="PASS" signature="Aftermethod()[pri:0, instance:org.frameworkwebsitetasks.TestNGQue7@610694f1]" name="Aftermethod" is-config="true" duration-ms="8" started-at="2022-05-18T07:04:13Z" finished-at="2022-05-18T07:04:13Z">
          <reporter-output>
          </reporter-output>
        </test-method> <!-- Aftermethod -->
        <test-method status="PASS" signature="Afterclass()[pri:0, instance:org.frameworkwebsitetasks.TestNGQue7@610694f1]" name="Afterclass" is-config="true" duration-ms="0" started-at="2022-05-18T07:04:13Z" finished-at="2022-05-18T07:04:13Z">
          <reporter-output>
          </reporter-output>
        </test-method> <!-- Afterclass -->
      </class> <!-- org.frameworkwebsitetasks.TestNGQue7 -->
    </test> <!-- geckoTest -->
  </suite> <!-- Suite -->
</testng-results>
